<?xml version="1.0" encoding="UTF-8"?>
<testng-results skipped="0" failed="0" total="1" passed="1">
  <reporter-output>
  </reporter-output>
  <suite name="Cnn App running on chrome Browser" duration-ms="54116" started-at="2017-01-17T00:59:32Z" finished-at="2017-01-17T01:00:26Z">
    <groups>
    </groups>
    <test name="Home Page" duration-ms="54116" started-at="2017-01-17T00:59:32Z" finished-at="2017-01-17T01:00:26Z">
      <class name="news.Search">
        <test-method status="PASS" signature="setUp(boolean, java.lang.String, java.lang.String, java.lang.String, java.lang.String, java.lang.String, java.lang.String)[pri:0, instance:news.Search@6ae04d]" name="setUp" is-config="true" duration-ms="17984" started-at="2017-01-16T19:59:32Z" finished-at="2017-01-16T19:59:50Z">
          <params>
            <param index="0">
              <value>
                <![CDATA[false]]>
              </value>
            </param>
            <param index="1">
              <value>
                <![CDATA[rahmanww]]>
              </value>
            </param>
            <param index="2">
              <value>
                <![CDATA[your key]]>
              </value>
            </param>
            <param index="3">
              <value>
                <![CDATA[Windows 10]]>
              </value>
            </param>
            <param index="4">
              <value>
                <![CDATA[firefox]]>
              </value>
            </param>
            <param index="5">
              <value>
                <![CDATA[34]]>
              </value>
            </param>
            <param index="6">
              <value>
                <![CDATA[http://www.cnn.com]]>
              </value>
            </param>
          </params>
          <reporter-output>
          </reporter-output>
        </test-method> <!-- setUp -->
        <test-method status="PASS" signature="searchNews()[pri:0, instance:news.Search@6ae04d]" name="searchNews" duration-ms="34895" started-at="2017-01-16T19:59:50Z" finished-at="2017-01-16T20:00:25Z">
          <reporter-output>
          </reporter-output>
        </test-method> <!-- searchNews -->
        <test-method status="PASS" signature="cleanUp()[pri:0, instance:news.Search@6ae04d]" name="cleanUp" is-config="true" duration-ms="1221" started-at="2017-01-16T20:00:25Z" finished-at="2017-01-16T20:00:26Z">
          <reporter-output>
          </reporter-output>
        </test-method> <!-- cleanUp -->
      </class> <!-- news.Search -->
    </test> <!-- Home Page -->
  </suite> <!-- Cnn App running on chrome Browser -->
</testng-results>
