<?xml version="1.0" encoding="UTF-8"?>
<!-- Generated by org.testng.reporters.JUnitXMLReporter -->
<testsuite hostname="iqbal" name="Home Page" tests="1" failures="0" timestamp="12 Jan 2017 01:10:43 GMT" time="0.054" errors="0">
  <testcase name="@BeforeMethod setUp" time="0.0" classname="news.Search">
    <failure type="org.testng.TestNGException" message="
Method setUp requires 7 parameters but 0 were supplied in the @Configuration annotation.">
      <![CDATA[org.testng.TestNGException: 
Method setUp requires 7 parameters but 0 were supplied in the @Configuration annotation.
... Removed 27 stack frames]]>
    </failure>
  </testcase> <!-- @BeforeMethod setUp -->
  <testcase name="@AfterMethod cleanUp" time="0.0" classname="news.Search">
    <skipped/>
  </testcase> <!-- @AfterMethod cleanUp -->
  <testcase name="searchNews" time="0.005" classname="news.Search">
    <skipped/>
  </testcase> <!-- searchNews -->
</testsuite> <!-- Home Page -->
